<?xml version="1.0" encoding="UTF-8"?>
<testng-results skipped="0" failed="0" total="1" passed="1">
  <reporter-output>
  </reporter-output>
  <suite name="Update room status" duration-ms="29" started-at="2016-05-06T09:00:15Z" finished-at="2016-05-06T09:00:15Z">
    <groups>
    </groups>
    <test name="Update room status" duration-ms="29" started-at="2016-05-06T09:00:15Z" finished-at="2016-05-06T09:00:15Z">
      <class name="com.Test.First_Demo">
        <test-method status="PASS" signature="PrintHello()[pri:0, instance:com.Test.First_Demo@3a82f6ef]" name="PrintHello" duration-ms="9" started-at="2016-05-06T14:30:15Z" finished-at="2016-05-06T14:30:15Z">
          <reporter-output>
          </reporter-output>
        </test-method> <!-- PrintHello -->
      </class> <!-- com.Test.First_Demo -->
    </test> <!-- Update room status -->
  </suite> <!-- Update room status -->
</testng-results>
